mode: set
github.com/felicia/testing_course/webapp/cmd/api/api-handlers.go:15.78,19.16 3 1
github.com/felicia/testing_course/webapp/cmd/api/api-handlers.go:24.2,25.16 2 1
github.com/felicia/testing_course/webapp/cmd/api/api-handlers.go:30.2,31.16 2 1
github.com/felicia/testing_course/webapp/cmd/api/api-handlers.go:36.2,37.16 2 1
github.com/felicia/testing_course/webapp/cmd/api/api-handlers.go:42.2,42.49 1 1
github.com/felicia/testing_course/webapp/cmd/api/api-handlers.go:19.16,22.3 2 1
github.com/felicia/testing_course/webapp/cmd/api/api-handlers.go:25.16,28.3 2 1
github.com/felicia/testing_course/webapp/cmd/api/api-handlers.go:31.16,34.3 2 1
github.com/felicia/testing_course/webapp/cmd/api/api-handlers.go:37.16,40.3 2 0
github.com/felicia/testing_course/webapp/cmd/api/api-handlers.go:45.74,47.2 0 0
github.com/felicia/testing_course/webapp/cmd/api/api-handlers.go:49.75,51.2 0 0
github.com/felicia/testing_course/webapp/cmd/api/api-handlers.go:53.74,55.2 0 0
github.com/felicia/testing_course/webapp/cmd/api/api-handlers.go:57.77,59.2 0 0
github.com/felicia/testing_course/webapp/cmd/api/api-handlers.go:61.77,63.2 0 0
github.com/felicia/testing_course/webapp/cmd/api/api-handlers.go:65.77,67.2 0 0
github.com/felicia/testing_course/webapp/cmd/api/auth.go:27.109,34.22 3 0
github.com/felicia/testing_course/webapp/cmd/api/auth.go:39.2,40.27 2 0
github.com/felicia/testing_course/webapp/cmd/api/auth.go:44.2,44.32 1 0
github.com/felicia/testing_course/webapp/cmd/api/auth.go:47.2,51.91 3 0
github.com/felicia/testing_course/webapp/cmd/api/auth.go:59.2,59.16 1 0
github.com/felicia/testing_course/webapp/cmd/api/auth.go:66.2,66.33 1 0
github.com/felicia/testing_course/webapp/cmd/api/auth.go:69.2,69.27 1 0
github.com/felicia/testing_course/webapp/cmd/api/auth.go:34.22,36.3 1 0
github.com/felicia/testing_course/webapp/cmd/api/auth.go:40.27,42.3 1 0
github.com/felicia/testing_course/webapp/cmd/api/auth.go:44.32,46.3 1 0
github.com/felicia/testing_course/webapp/cmd/api/auth.go:51.91,53.58 1 0
github.com/felicia/testing_course/webapp/cmd/api/auth.go:56.3,56.36 1 0
github.com/felicia/testing_course/webapp/cmd/api/auth.go:53.58,55.4 1 0
github.com/felicia/testing_course/webapp/cmd/api/auth.go:59.16,60.60 1 0
github.com/felicia/testing_course/webapp/cmd/api/auth.go:63.3,63.22 1 0
github.com/felicia/testing_course/webapp/cmd/api/auth.go:60.60,62.4 1 0
github.com/felicia/testing_course/webapp/cmd/api/auth.go:66.33,68.3 1 0
github.com/felicia/testing_course/webapp/cmd/api/auth.go:72.80,81.23 7 1
github.com/felicia/testing_course/webapp/cmd/api/auth.go:87.2,90.16 3 1
github.com/felicia/testing_course/webapp/cmd/api/auth.go:94.2,101.16 6 1
github.com/felicia/testing_course/webapp/cmd/api/auth.go:104.2,108.24 2 1
github.com/felicia/testing_course/webapp/cmd/api/auth.go:81.23,83.3 1 1
github.com/felicia/testing_course/webapp/cmd/api/auth.go:83.8,85.3 1 0
github.com/felicia/testing_course/webapp/cmd/api/auth.go:90.16,92.3 1 0
github.com/felicia/testing_course/webapp/cmd/api/auth.go:101.16,103.3 1 0
github.com/felicia/testing_course/webapp/cmd/api/db.go:12.42,14.16 2 0
github.com/felicia/testing_course/webapp/cmd/api/db.go:17.2,18.16 2 0
github.com/felicia/testing_course/webapp/cmd/api/db.go:21.2,21.16 1 0
github.com/felicia/testing_course/webapp/cmd/api/db.go:14.16,16.3 1 0
github.com/felicia/testing_course/webapp/cmd/api/db.go:18.16,20.3 1 0
github.com/felicia/testing_course/webapp/cmd/api/db.go:24.56,26.16 2 0
github.com/felicia/testing_course/webapp/cmd/api/db.go:29.2,30.16 2 0
github.com/felicia/testing_course/webapp/cmd/api/db.go:26.16,28.3 1 0
github.com/felicia/testing_course/webapp/cmd/api/main.go:21.13,28.16 7 0
github.com/felicia/testing_course/webapp/cmd/api/main.go:31.2,38.16 5 0
github.com/felicia/testing_course/webapp/cmd/api/main.go:28.16,30.3 1 0
github.com/felicia/testing_course/webapp/cmd/api/main.go:38.16,40.3 1 0
github.com/felicia/testing_course/webapp/cmd/api/routes.go:10.47,19.64 5 0
github.com/felicia/testing_course/webapp/cmd/api/routes.go:28.2,28.43 1 0
github.com/felicia/testing_course/webapp/cmd/api/routes.go:36.2,36.12 1 0
github.com/felicia/testing_course/webapp/cmd/api/routes.go:19.64,26.3 2 0
github.com/felicia/testing_course/webapp/cmd/api/routes.go:28.43,35.3 5 0
github.com/felicia/testing_course/webapp/cmd/api/utilities.go:10.110,15.19 2 1
github.com/felicia/testing_course/webapp/cmd/api/utilities.go:34.2,39.16 4 1
github.com/felicia/testing_course/webapp/cmd/api/utilities.go:42.2,42.12 1 1
github.com/felicia/testing_course/webapp/cmd/api/utilities.go:15.19,20.17 4 1
github.com/felicia/testing_course/webapp/cmd/api/utilities.go:23.3,23.18 1 1
github.com/felicia/testing_course/webapp/cmd/api/utilities.go:20.17,22.4 1 0
github.com/felicia/testing_course/webapp/cmd/api/utilities.go:24.8,27.17 2 1
github.com/felicia/testing_course/webapp/cmd/api/utilities.go:30.3,30.18 1 1
github.com/felicia/testing_course/webapp/cmd/api/utilities.go:27.17,29.4 1 0
github.com/felicia/testing_course/webapp/cmd/api/utilities.go:39.16,41.3 1 0
github.com/felicia/testing_course/webapp/cmd/api/utilities.go:45.84,47.21 2 1
github.com/felicia/testing_course/webapp/cmd/api/utilities.go:51.2,59.53 3 1
github.com/felicia/testing_course/webapp/cmd/api/utilities.go:47.21,49.3 1 1
github.com/felicia/testing_course/webapp/cmd/api/utilities.go:62.98,70.16 6 1
github.com/felicia/testing_course/webapp/cmd/api/utilities.go:75.2,76.19 2 1
github.com/felicia/testing_course/webapp/cmd/api/utilities.go:80.2,80.12 1 1
github.com/felicia/testing_course/webapp/cmd/api/utilities.go:70.16,72.3 1 1
github.com/felicia/testing_course/webapp/cmd/api/utilities.go:76.19,78.3 1 0
