mode: set
github.com/felicia/testing_course/webapp/cmd/api/utilities.go:10.110,15.19 2 1
github.com/felicia/testing_course/webapp/cmd/api/utilities.go:34.2,39.16 4 1
github.com/felicia/testing_course/webapp/cmd/api/utilities.go:42.2,42.12 1 1
github.com/felicia/testing_course/webapp/cmd/api/utilities.go:15.19,20.17 4 1
github.com/felicia/testing_course/webapp/cmd/api/utilities.go:23.3,23.18 1 1
github.com/felicia/testing_course/webapp/cmd/api/utilities.go:20.17,22.4 1 0
github.com/felicia/testing_course/webapp/cmd/api/utilities.go:24.8,27.17 2 1
github.com/felicia/testing_course/webapp/cmd/api/utilities.go:30.3,30.18 1 1
github.com/felicia/testing_course/webapp/cmd/api/utilities.go:27.17,29.4 1 0
github.com/felicia/testing_course/webapp/cmd/api/utilities.go:39.16,41.3 1 0
github.com/felicia/testing_course/webapp/cmd/api/utilities.go:45.84,47.21 2 1
github.com/felicia/testing_course/webapp/cmd/api/utilities.go:51.2,59.53 3 1
github.com/felicia/testing_course/webapp/cmd/api/utilities.go:47.21,49.3 1 1
github.com/felicia/testing_course/webapp/cmd/api/utilities.go:62.98,70.16 6 1
github.com/felicia/testing_course/webapp/cmd/api/utilities.go:75.2,76.19 2 1
github.com/felicia/testing_course/webapp/cmd/api/utilities.go:80.2,80.12 1 1
github.com/felicia/testing_course/webapp/cmd/api/utilities.go:70.16,72.3 1 1
github.com/felicia/testing_course/webapp/cmd/api/utilities.go:76.19,78.3 1 0
github.com/felicia/testing_course/webapp/cmd/api/api-handlers.go:21.78,25.16 3 1
github.com/felicia/testing_course/webapp/cmd/api/api-handlers.go:30.2,31.16 2 1
github.com/felicia/testing_course/webapp/cmd/api/api-handlers.go:36.2,37.16 2 1
github.com/felicia/testing_course/webapp/cmd/api/api-handlers.go:42.2,43.16 2 1
github.com/felicia/testing_course/webapp/cmd/api/api-handlers.go:47.2,59.49 2 1
github.com/felicia/testing_course/webapp/cmd/api/api-handlers.go:25.16,28.3 2 1
github.com/felicia/testing_course/webapp/cmd/api/api-handlers.go:31.16,34.3 2 1
github.com/felicia/testing_course/webapp/cmd/api/api-handlers.go:37.16,40.3 2 1
github.com/felicia/testing_course/webapp/cmd/api/api-handlers.go:43.16,46.3 2 0
github.com/felicia/testing_course/webapp/cmd/api/api-handlers.go:62.73,64.16 2 1
github.com/felicia/testing_course/webapp/cmd/api/api-handlers.go:68.2,70.97 3 1
github.com/felicia/testing_course/webapp/cmd/api/api-handlers.go:73.2,73.16 1 1
github.com/felicia/testing_course/webapp/cmd/api/api-handlers.go:77.2,77.76 1 1
github.com/felicia/testing_course/webapp/cmd/api/api-handlers.go:82.2,83.16 2 1
github.com/felicia/testing_course/webapp/cmd/api/api-handlers.go:87.2,88.16 2 1
github.com/felicia/testing_course/webapp/cmd/api/api-handlers.go:92.2,93.16 2 1
github.com/felicia/testing_course/webapp/cmd/api/api-handlers.go:97.2,108.49 2 1
github.com/felicia/testing_course/webapp/cmd/api/api-handlers.go:64.16,67.3 2 0
github.com/felicia/testing_course/webapp/cmd/api/api-handlers.go:70.97,72.3 1 1
github.com/felicia/testing_course/webapp/cmd/api/api-handlers.go:73.16,76.3 2 1
github.com/felicia/testing_course/webapp/cmd/api/api-handlers.go:77.76,80.3 2 1
github.com/felicia/testing_course/webapp/cmd/api/api-handlers.go:83.16,86.3 2 0
github.com/felicia/testing_course/webapp/cmd/api/api-handlers.go:88.16,91.3 2 0
github.com/felicia/testing_course/webapp/cmd/api/api-handlers.go:93.16,96.3 2 0
github.com/felicia/testing_course/webapp/cmd/api/api-handlers.go:111.84,112.37 1 1
github.com/felicia/testing_course/webapp/cmd/api/api-handlers.go:160.2,160.71 1 1
github.com/felicia/testing_course/webapp/cmd/api/api-handlers.go:112.37,113.45 1 1
github.com/felicia/testing_course/webapp/cmd/api/api-handlers.go:113.45,116.100 3 0
github.com/felicia/testing_course/webapp/cmd/api/api-handlers.go:120.4,120.18 1 0
github.com/felicia/testing_course/webapp/cmd/api/api-handlers.go:129.4,130.18 2 0
github.com/felicia/testing_course/webapp/cmd/api/api-handlers.go:134.4,135.18 2 0
github.com/felicia/testing_course/webapp/cmd/api/api-handlers.go:139.4,140.18 2 0
github.com/felicia/testing_course/webapp/cmd/api/api-handlers.go:144.4,157.10 3 0
github.com/felicia/testing_course/webapp/cmd/api/api-handlers.go:116.100,118.5 1 0
github.com/felicia/testing_course/webapp/cmd/api/api-handlers.go:120.18,123.5 2 0
github.com/felicia/testing_course/webapp/cmd/api/api-handlers.go:130.18,133.5 2 0
github.com/felicia/testing_course/webapp/cmd/api/api-handlers.go:135.18,138.5 2 0
github.com/felicia/testing_course/webapp/cmd/api/api-handlers.go:140.18,143.5 2 0
github.com/felicia/testing_course/webapp/cmd/api/api-handlers.go:163.74,165.16 2 1
github.com/felicia/testing_course/webapp/cmd/api/api-handlers.go:170.2,170.44 1 1
github.com/felicia/testing_course/webapp/cmd/api/api-handlers.go:165.16,169.3 3 0
github.com/felicia/testing_course/webapp/cmd/api/api-handlers.go:173.73,179.16 5 1
github.com/felicia/testing_course/webapp/cmd/api/api-handlers.go:184.2,185.16 2 0
github.com/felicia/testing_course/webapp/cmd/api/api-handlers.go:190.2,190.43 1 0
github.com/felicia/testing_course/webapp/cmd/api/api-handlers.go:179.16,183.3 3 1
github.com/felicia/testing_course/webapp/cmd/api/api-handlers.go:185.16,189.3 3 0
github.com/felicia/testing_course/webapp/cmd/api/api-handlers.go:193.76,196.16 3 1
github.com/felicia/testing_course/webapp/cmd/api/api-handlers.go:200.2,201.16 2 1
github.com/felicia/testing_course/webapp/cmd/api/api-handlers.go:205.2,205.37 1 1
github.com/felicia/testing_course/webapp/cmd/api/api-handlers.go:196.16,199.3 2 1
github.com/felicia/testing_course/webapp/cmd/api/api-handlers.go:201.16,204.3 2 0
github.com/felicia/testing_course/webapp/cmd/api/api-handlers.go:208.76,214.16 5 1
github.com/felicia/testing_course/webapp/cmd/api/api-handlers.go:219.2,220.16 2 0
github.com/felicia/testing_course/webapp/cmd/api/api-handlers.go:225.2,225.37 1 0
github.com/felicia/testing_course/webapp/cmd/api/api-handlers.go:214.16,218.3 3 1
github.com/felicia/testing_course/webapp/cmd/api/api-handlers.go:220.16,224.3 3 0
github.com/felicia/testing_course/webapp/cmd/api/api-handlers.go:228.76,231.16 3 1
github.com/felicia/testing_course/webapp/cmd/api/api-handlers.go:236.2,238.16 3 1
github.com/felicia/testing_course/webapp/cmd/api/api-handlers.go:242.2,242.37 1 1
github.com/felicia/testing_course/webapp/cmd/api/api-handlers.go:231.16,235.3 3 1
github.com/felicia/testing_course/webapp/cmd/api/api-handlers.go:238.16,241.3 2 0
github.com/felicia/testing_course/webapp/cmd/api/api-handlers.go:245.85,259.2 3 1
github.com/felicia/testing_course/webapp/cmd/api/api-middleware.go:5.68,6.71 1 1
github.com/felicia/testing_course/webapp/cmd/api/api-middleware.go:6.71,8.28 2 1
github.com/felicia/testing_course/webapp/cmd/api/api-middleware.go:8.28,13.4 4 1
github.com/felicia/testing_course/webapp/cmd/api/api-middleware.go:13.9,15.4 1 1
github.com/felicia/testing_course/webapp/cmd/api/api-middleware.go:19.70,20.71 1 1
github.com/felicia/testing_course/webapp/cmd/api/api-middleware.go:20.71,22.17 2 1
github.com/felicia/testing_course/webapp/cmd/api/api-middleware.go:26.3,27.9 2 1
github.com/felicia/testing_course/webapp/cmd/api/api-middleware.go:22.17,25.4 2 1
github.com/felicia/testing_course/webapp/cmd/api/api-routes.go:10.47,17.38 5 1
github.com/felicia/testing_course/webapp/cmd/api/api-routes.go:25.2,28.41 3 1
github.com/felicia/testing_course/webapp/cmd/api/api-routes.go:37.2,37.11 1 1
github.com/felicia/testing_course/webapp/cmd/api/api-routes.go:17.38,23.3 3 1
github.com/felicia/testing_course/webapp/cmd/api/api-routes.go:28.41,36.3 6 1
github.com/felicia/testing_course/webapp/cmd/api/auth.go:27.109,34.22 3 1
github.com/felicia/testing_course/webapp/cmd/api/auth.go:39.2,40.27 2 1
github.com/felicia/testing_course/webapp/cmd/api/auth.go:44.2,44.32 1 1
github.com/felicia/testing_course/webapp/cmd/api/auth.go:47.2,51.91 3 1
github.com/felicia/testing_course/webapp/cmd/api/auth.go:59.2,59.16 1 1
github.com/felicia/testing_course/webapp/cmd/api/auth.go:66.2,66.33 1 1
github.com/felicia/testing_course/webapp/cmd/api/auth.go:69.2,69.27 1 1
github.com/felicia/testing_course/webapp/cmd/api/auth.go:34.22,36.3 1 1
github.com/felicia/testing_course/webapp/cmd/api/auth.go:40.27,42.3 1 1
github.com/felicia/testing_course/webapp/cmd/api/auth.go:44.32,46.3 1 1
github.com/felicia/testing_course/webapp/cmd/api/auth.go:51.91,53.58 1 1
github.com/felicia/testing_course/webapp/cmd/api/auth.go:56.3,56.36 1 1
github.com/felicia/testing_course/webapp/cmd/api/auth.go:53.58,55.4 1 0
github.com/felicia/testing_course/webapp/cmd/api/auth.go:59.16,60.60 1 1
github.com/felicia/testing_course/webapp/cmd/api/auth.go:63.3,63.22 1 1
github.com/felicia/testing_course/webapp/cmd/api/auth.go:60.60,62.4 1 1
github.com/felicia/testing_course/webapp/cmd/api/auth.go:66.33,68.3 1 1
github.com/felicia/testing_course/webapp/cmd/api/auth.go:72.80,81.23 7 1
github.com/felicia/testing_course/webapp/cmd/api/auth.go:87.2,90.16 3 1
github.com/felicia/testing_course/webapp/cmd/api/auth.go:94.2,101.16 6 1
github.com/felicia/testing_course/webapp/cmd/api/auth.go:104.2,108.24 2 1
github.com/felicia/testing_course/webapp/cmd/api/auth.go:81.23,83.3 1 1
github.com/felicia/testing_course/webapp/cmd/api/auth.go:83.8,85.3 1 1
github.com/felicia/testing_course/webapp/cmd/api/auth.go:90.16,92.3 1 0
github.com/felicia/testing_course/webapp/cmd/api/auth.go:101.16,103.3 1 0
github.com/felicia/testing_course/webapp/cmd/api/db.go:12.42,14.16 2 0
github.com/felicia/testing_course/webapp/cmd/api/db.go:17.2,18.16 2 0
github.com/felicia/testing_course/webapp/cmd/api/db.go:21.2,21.16 1 0
github.com/felicia/testing_course/webapp/cmd/api/db.go:14.16,16.3 1 0
github.com/felicia/testing_course/webapp/cmd/api/db.go:18.16,20.3 1 0
github.com/felicia/testing_course/webapp/cmd/api/db.go:24.56,26.16 2 0
github.com/felicia/testing_course/webapp/cmd/api/db.go:29.2,30.16 2 0
github.com/felicia/testing_course/webapp/cmd/api/db.go:26.16,28.3 1 0
github.com/felicia/testing_course/webapp/cmd/api/main.go:21.13,28.16 7 0
github.com/felicia/testing_course/webapp/cmd/api/main.go:31.2,38.16 5 0
github.com/felicia/testing_course/webapp/cmd/api/main.go:28.16,30.3 1 0
github.com/felicia/testing_course/webapp/cmd/api/main.go:38.16,40.3 1 0
