mode: set
primeapp/testing_course/webapp/routes/handlers.go:11.70,13.2 1 1
primeapp/testing_course/webapp/routes/handlers.go:20.108,23.16 2 1
primeapp/testing_course/webapp/routes/handlers.go:23.16,26.3 2 0
primeapp/testing_course/webapp/routes/handlers.go:28.2,32.16 3 1
primeapp/testing_course/webapp/routes/handlers.go:32.16,34.3 1 0
primeapp/testing_course/webapp/routes/handlers.go:35.2,35.12 1 1
primeapp/testing_course/webapp/routes/middleware.go:14.67,16.2 1 1
primeapp/testing_course/webapp/routes/middleware.go:18.72,19.71 1 1
primeapp/testing_course/webapp/routes/middleware.go:19.71,22.17 3 1
primeapp/testing_course/webapp/routes/middleware.go:22.17,24.20 2 1
primeapp/testing_course/webapp/routes/middleware.go:24.20,26.5 1 1
primeapp/testing_course/webapp/routes/middleware.go:27.4,27.60 1 1
primeapp/testing_course/webapp/routes/middleware.go:28.9,30.4 1 1
primeapp/testing_course/webapp/routes/middleware.go:31.3,31.40 1 1
primeapp/testing_course/webapp/routes/middleware.go:35.45,37.16 2 1
primeapp/testing_course/webapp/routes/middleware.go:37.16,39.3 1 1
primeapp/testing_course/webapp/routes/middleware.go:40.2,41.19 2 1
primeapp/testing_course/webapp/routes/middleware.go:41.19,43.3 1 1
primeapp/testing_course/webapp/routes/middleware.go:44.2,45.22 2 1
primeapp/testing_course/webapp/routes/middleware.go:45.22,47.3 1 1
primeapp/testing_course/webapp/routes/middleware.go:48.2,48.23 1 1
primeapp/testing_course/webapp/routes/middleware.go:48.23,50.3 1 1
primeapp/testing_course/webapp/routes/middleware.go:51.2,51.16 1 1
primeapp/testing_course/webapp/routes/routes.go:13.47,22.2 7 1
