mode: set
github.com/felicia/testing_course/webapp/routes/routes.go:15.47,26.2 9 1
github.com/felicia/testing_course/webapp/routes/sessions.go:10.39,17.2 6 1
github.com/felicia/testing_course/webapp/routes/forms.go:10.42,12.26 2 1
github.com/felicia/testing_course/webapp/routes/forms.go:15.2,15.22 1 1
github.com/felicia/testing_course/webapp/routes/forms.go:12.26,14.3 1 1
github.com/felicia/testing_course/webapp/routes/forms.go:18.44,20.2 1 1
github.com/felicia/testing_course/webapp/routes/forms.go:27.37,32.2 1 1
github.com/felicia/testing_course/webapp/routes/forms.go:34.39,36.13 2 1
github.com/felicia/testing_course/webapp/routes/forms.go:39.2,39.13 1 1
github.com/felicia/testing_course/webapp/routes/forms.go:36.13,38.3 1 1
github.com/felicia/testing_course/webapp/routes/forms.go:42.43,43.31 1 1
github.com/felicia/testing_course/webapp/routes/forms.go:43.31,45.33 2 1
github.com/felicia/testing_course/webapp/routes/forms.go:45.33,47.4 1 1
github.com/felicia/testing_course/webapp/routes/forms.go:51.52,52.9 1 1
github.com/felicia/testing_course/webapp/routes/forms.go:52.9,54.3 1 1
github.com/felicia/testing_course/webapp/routes/forms.go:57.29,59.2 1 1
github.com/felicia/testing_course/webapp/routes/handlers.go:14.70,16.45 2 1
github.com/felicia/testing_course/webapp/routes/handlers.go:22.2,26.48 2 1
github.com/felicia/testing_course/webapp/routes/handlers.go:16.45,19.3 2 1
github.com/felicia/testing_course/webapp/routes/handlers.go:19.8,21.3 1 1
github.com/felicia/testing_course/webapp/routes/handlers.go:34.108,37.16 2 1
github.com/felicia/testing_course/webapp/routes/handlers.go:42.2,46.16 3 1
github.com/felicia/testing_course/webapp/routes/handlers.go:49.2,49.12 1 1
github.com/felicia/testing_course/webapp/routes/handlers.go:37.16,40.3 2 0
github.com/felicia/testing_course/webapp/routes/handlers.go:46.16,48.3 1 0
github.com/felicia/testing_course/webapp/routes/handlers.go:52.71,54.16 2 0
github.com/felicia/testing_course/webapp/routes/handlers.go:59.2,62.19 3 0
github.com/felicia/testing_course/webapp/routes/handlers.go:67.2,72.22 4 0
github.com/felicia/testing_course/webapp/routes/handlers.go:54.16,58.3 3 0
github.com/felicia/testing_course/webapp/routes/handlers.go:62.19,65.3 2 0
github.com/felicia/testing_course/webapp/routes/middleware.go:14.67,16.2 1 1
github.com/felicia/testing_course/webapp/routes/middleware.go:18.72,19.71 1 1
github.com/felicia/testing_course/webapp/routes/middleware.go:19.71,22.17 3 1
github.com/felicia/testing_course/webapp/routes/middleware.go:31.3,31.40 1 1
github.com/felicia/testing_course/webapp/routes/middleware.go:22.17,24.20 2 1
github.com/felicia/testing_course/webapp/routes/middleware.go:27.4,27.60 1 1
github.com/felicia/testing_course/webapp/routes/middleware.go:24.20,26.5 1 1
github.com/felicia/testing_course/webapp/routes/middleware.go:28.9,30.4 1 1
github.com/felicia/testing_course/webapp/routes/middleware.go:35.45,37.16 2 1
github.com/felicia/testing_course/webapp/routes/middleware.go:40.2,41.19 2 1
github.com/felicia/testing_course/webapp/routes/middleware.go:44.2,45.22 2 1
github.com/felicia/testing_course/webapp/routes/middleware.go:48.2,48.23 1 1
github.com/felicia/testing_course/webapp/routes/middleware.go:51.2,51.16 1 1
github.com/felicia/testing_course/webapp/routes/middleware.go:37.16,39.3 1 1
github.com/felicia/testing_course/webapp/routes/middleware.go:41.19,43.3 1 1
github.com/felicia/testing_course/webapp/routes/middleware.go:45.22,47.3 1 1
github.com/felicia/testing_course/webapp/routes/middleware.go:48.23,50.3 1 1
