mode: set
primeapp/testing_course/webapp/forms/forms.go:10.42,12.26 2 1
primeapp/testing_course/webapp/forms/forms.go:12.26,14.3 1 1
primeapp/testing_course/webapp/forms/forms.go:15.2,15.22 1 1
primeapp/testing_course/webapp/forms/forms.go:18.44,20.2 1 1
primeapp/testing_course/webapp/forms/forms.go:27.37,32.2 1 1
primeapp/testing_course/webapp/forms/forms.go:34.39,36.13 2 1
primeapp/testing_course/webapp/forms/forms.go:36.13,38.3 1 1
primeapp/testing_course/webapp/forms/forms.go:39.2,39.13 1 1
primeapp/testing_course/webapp/forms/forms.go:42.43,43.31 1 1
primeapp/testing_course/webapp/forms/forms.go:43.31,45.33 2 1
primeapp/testing_course/webapp/forms/forms.go:45.33,47.4 1 1
primeapp/testing_course/webapp/forms/forms.go:51.52,52.9 1 1
primeapp/testing_course/webapp/forms/forms.go:52.9,54.3 1 1
primeapp/testing_course/webapp/forms/forms.go:57.29,59.2 1 1
