mode: set
primeapp/testing_course/primeapp/main.go:12.13,23.2 6 0
primeapp/testing_course/primeapp/main.go:25.54,27.6 2 1
primeapp/testing_course/primeapp/main.go:27.6,30.11 2 1
primeapp/testing_course/primeapp/main.go:30.11,33.4 2 1
primeapp/testing_course/primeapp/main.go:34.3,35.11 2 1
primeapp/testing_course/primeapp/main.go:39.58,41.44 2 1
primeapp/testing_course/primeapp/main.go:41.44,43.3 1 1
primeapp/testing_course/primeapp/main.go:44.2,46.16 2 1
primeapp/testing_course/primeapp/main.go:46.16,48.3 1 1
primeapp/testing_course/primeapp/main.go:50.2,51.19 2 1
primeapp/testing_course/primeapp/main.go:54.14,59.2 4 1
primeapp/testing_course/primeapp/main.go:61.15,63.2 1 1
primeapp/testing_course/primeapp/main.go:65.36,67.22 1 1
primeapp/testing_course/primeapp/main.go:67.22,69.3 1 1
primeapp/testing_course/primeapp/main.go:71.2,71.11 1 1
primeapp/testing_course/primeapp/main.go:71.11,73.3 1 1
primeapp/testing_course/primeapp/main.go:75.2,75.28 1 1
primeapp/testing_course/primeapp/main.go:75.28,76.15 1 1
primeapp/testing_course/primeapp/main.go:76.15,78.4 1 1
primeapp/testing_course/primeapp/main.go:81.2,81.53 1 1
